<?xml version="1.0" encoding="UTF-8"?>
<testsuites errors="102" failures="102"><testsuite name="BackstopJS" tests="102" errors="102" failures="102"><testcase name=" ›› Empty 1" classname=".page404__button"><error message="Design deviation ›› Empty 1 (.page404__button) component" type="CSS component"/><failure message="Design deviation ›› Empty 1 (.page404__button) component" type="CSS component"/></testcase><testcase name=" ›› Empty 2" classname=".page404__button"><error message="Design deviation ›› Empty 2 (.page404__button) component" type="CSS component"/><failure message="Design deviation ›› Empty 2 (.page404__button) component" type="CSS component"/></testcase><testcase name=" ›› Empty 3" classname=".page404__button"><error message="Design deviation ›› Empty 3 (.page404__button) component" type="CSS component"/><failure message="Design deviation ›› Empty 3 (.page404__button) component" type="CSS component"/></testcase><testcase name=" ›› Empty 4" classname=".page404__button"><error message="Design deviation ›› Empty 4 (.page404__button) component" type="CSS component"/><failure message="Design deviation ›› Empty 4 (.page404__button) component" type="CSS component"/></testcase><testcase name=" ›› Empty 5" classname=".page404__button"><error message="Design deviation ›› Empty 5 (.page404__button) component" type="CSS component"/><failure message="Design deviation ›› Empty 5 (.page404__button) component" type="CSS component"/></testcase><testcase name=" ›› Empty 6" classname=".page404__button"><error message="Design deviation ›› Empty 6 (.page404__button) component" type="CSS component"/><failure message="Design deviation ›› Empty 6 (.page404__button) component" type="CSS component"/></testcase><testcase name=" ›› /login" classname="document"><error message="Design deviation ›› /login (document) component" type="CSS component"/><failure message="Design deviation ›› /login (document) component" type="CSS component"/></testcase><testcase name=" ›› /" classname=".nav-wrapper"><error message="Design deviation ›› / (.nav-wrapper) component" type="CSS component"/><failure message="Design deviation ›› / (.nav-wrapper) component" type="CSS component"/></testcase><testcase name=" ›› /" classname=".content-wrapper"><error message="Design deviation ›› / (.content-wrapper) component" type="CSS component"/><failure message="Design deviation ›› / (.content-wrapper) component" type="CSS component"/></testcase><testcase name=" ›› /404" classname="document"><error message="Design deviation ›› /404 (document) component" type="CSS component"/><failure message="Design deviation ›› /404 (document) component" type="CSS component"/></testcase><testcase name=" ›› /styleguide/" classname=".content-wrapper"><error message="Design deviation ›› /styleguide/ (.content-wrapper) component" type="CSS component"/><failure message="Design deviation ›› /styleguide/ (.content-wrapper) component" type="CSS component"/></testcase><testcase name=" ›› / #account-settings" classname=".nav-wrapper"><error message="Design deviation ›› / #account-settings (.nav-wrapper) component" type="CSS component"/><failure message="Design deviation ›› / #account-settings (.nav-wrapper) component" type="CSS component"/></testcase><testcase name=" ›› / .submenu-trigger.icon-cogs" classname="document"><error message="Design deviation ›› / .submenu-trigger.icon-cogs (document) component" type="CSS component"/><failure message="Design deviation ›› / .submenu-trigger.icon-cogs (document) component" type="CSS component"/></testcase><testcase name=" ›› / .submenu-trigger.icon-fa-cutlery" classname="document"><error message="Design deviation ›› / .submenu-trigger.icon-fa-cutlery (document) component" type="CSS component"/><failure message="Design deviation ›› / .submenu-trigger.icon-fa-cutlery (document) component" type="CSS component"/></testcase><testcase name=" ›› / [data-explorer-menu-item] > a" classname="document"><error message="Design deviation ›› / [data-explorer-menu-item] > a (document) component" type="CSS component"/><failure message="Design deviation ›› / [data-explorer-menu-item] > a (document) component" type="CSS component"/></testcase><testcase name=" ›› " classname=""><error message="Design deviation ››  () component" type="CSS component"/><failure message="Design deviation ››  () component" type="CSS component"/></testcase><testcase name=" ›› /pages/" classname=".content-wrapper"><error message="Design deviation ›› /pages/ (.content-wrapper) component" type="CSS component"/><failure message="Design deviation ›› /pages/ (.content-wrapper) component" type="CSS component"/></testcase><testcase name=" ›› /pages/search/?q=bread" classname=".content-wrapper"><error message="Design deviation ›› /pages/search/?q=bread (.content-wrapper) component" type="CSS component"/><failure message="Design deviation ›› /pages/search/?q=bread (.content-wrapper) component" type="CSS component"/></testcase><testcase name=" ›› /pages/search/?q=test123456" classname=".content-wrapper"><error message="Design deviation ›› /pages/search/?q=test123456 (.content-wrapper) component" type="CSS component"/><failure message="Design deviation ›› /pages/search/?q=test123456 (.content-wrapper) component" type="CSS component"/></testcase><testcase name=" ›› /pages/60/ .index [data-dropdown]" classname=".content-wrapper"><error message="Design deviation ›› /pages/60/ .index [data-dropdown] (.content-wrapper) component" type="CSS component"/><failure message="Design deviation ›› /pages/60/ .index [data-dropdown] (.content-wrapper) component" type="CSS component"/></testcase><testcase name=" ›› /pages/60/ .action-set-privacy" classname=".content-wrapper"><error message="Design deviation ›› /pages/60/ .action-set-privacy (.content-wrapper) component" type="CSS component"/><failure message="Design deviation ›› /pages/60/ .action-set-privacy (.content-wrapper) component" type="CSS component"/></testcase><testcase name=" ›› /pages/60/?ordering=ord" classname=".content-wrapper"><error message="Design deviation ›› /pages/60/?ordering=ord (.content-wrapper) component" type="CSS component"/><failure message="Design deviation ›› /pages/60/?ordering=ord (.content-wrapper) component" type="CSS component"/></testcase><testcase name=" ›› /pages/60/edit/" classname=".content-wrapper"><error message="Design deviation ›› /pages/60/edit/ (.content-wrapper) component" type="CSS component"/><failure message="Design deviation ›› /pages/60/edit/ (.content-wrapper) component" type="CSS component"/></testcase><testcase name=" ›› /pages/60/edit/ .action-set-privacy" classname=".content-wrapper"><error message="Design deviation ›› /pages/60/edit/ .action-set-privacy (.content-wrapper) component" type="CSS component"/><failure message="Design deviation ›› /pages/60/edit/ .action-set-privacy (.content-wrapper) component" type="CSS component"/></testcase><testcase name=" ›› " classname=""><error message="Design deviation ››  () component" type="CSS component"/><failure message="Design deviation ››  () component" type="CSS component"/></testcase><testcase name=" ›› " classname=""><error message="Design deviation ››  () component" type="CSS component"/><failure message="Design deviation ››  () component" type="CSS component"/></testcase><testcase name=" ›› /pages/60/edit/ .action-clear, .dropdown-toggle" classname=".content-wrapper"><error message="Design deviation ›› /pages/60/edit/ .action-clear, .dropdown-toggle (.content-wrapper) component" type="CSS component"/><failure message="Design deviation ›› /pages/60/edit/ .action-clear, .dropdown-toggle (.content-wrapper) component" type="CSS component"/></testcase><testcase name=" ›› /pages/60/revisions/" classname=".content-wrapper"><error message="Design deviation ›› /pages/60/revisions/ (.content-wrapper) component" type="CSS component"/><failure message="Design deviation ›› /pages/60/revisions/ (.content-wrapper) component" type="CSS component"/></testcase><testcase name=" ›› /pages/60/unpublish/" classname=".content-wrapper"><error message="Design deviation ›› /pages/60/unpublish/ (.content-wrapper) component" type="CSS component"/><failure message="Design deviation ›› /pages/60/unpublish/ (.content-wrapper) component" type="CSS component"/></testcase><testcase name=" ›› /pages/60/delete/" classname=".content-wrapper"><error message="Design deviation ›› /pages/60/delete/ (.content-wrapper) component" type="CSS component"/><failure message="Design deviation ›› /pages/60/delete/ (.content-wrapper) component" type="CSS component"/></testcase><testcase name=" ›› /pages/60/copy/" classname=".content-wrapper"><error message="Design deviation ›› /pages/60/copy/ (.content-wrapper) component" type="CSS component"/><failure message="Design deviation ›› /pages/60/copy/ (.content-wrapper) component" type="CSS component"/></testcase><testcase name=" ›› /pages/60/add_subpage/" classname=".content-wrapper"><error message="Design deviation ›› /pages/60/add_subpage/ (.content-wrapper) component" type="CSS component"/><failure message="Design deviation ›› /pages/60/add_subpage/ (.content-wrapper) component" type="CSS component"/></testcase><testcase name=" ›› /pages/add/base/homepage/60/" classname=".content-wrapper"><error message="Design deviation ›› /pages/add/base/homepage/60/ (.content-wrapper) component" type="CSS component"/><failure message="Design deviation ›› /pages/add/base/homepage/60/ (.content-wrapper) component" type="CSS component"/></testcase><testcase name=" ›› /pages/add/base/homepage/60/ [href=&quot;#tab-promote&quot;]" classname=".content-wrapper"><error message="Design deviation ›› /pages/add/base/homepage/60/ [href=&quot;#tab-promote&quot;] (.content-wrapper) component" type="CSS component"/><failure message="Design deviation ›› /pages/add/base/homepage/60/ [href=&quot;#tab-promote&quot;] (.content-wrapper) component" type="CSS component"/></testcase><testcase name=" ›› /pages/add/base/homepage/60/ [href=&quot;#tab-settings&quot;]" classname=".content-wrapper"><error message="Design deviation ›› /pages/add/base/homepage/60/ [href=&quot;#tab-settings&quot;] (.content-wrapper) component" type="CSS component"/><failure message="Design deviation ›› /pages/add/base/homepage/60/ [href=&quot;#tab-settings&quot;] (.content-wrapper) component" type="CSS component"/></testcase><testcase name=" ›› /pages/69/move/60/" classname=".content-wrapper"><error message="Design deviation ›› /pages/69/move/60/ (.content-wrapper) component" type="CSS component"/><failure message="Design deviation ›› /pages/69/move/60/ (.content-wrapper) component" type="CSS component"/></testcase><testcase name=" ›› " classname=""><error message="Design deviation ››  () component" type="CSS component"/><failure message="Design deviation ››  () component" type="CSS component"/></testcase><testcase name=" ›› " classname=""><error message="Design deviation ››  () component" type="CSS component"/><failure message="Design deviation ››  () component" type="CSS component"/></testcase><testcase name=" ›› " classname=""><error message="Design deviation ››  () component" type="CSS component"/><failure message="Design deviation ››  () component" type="CSS component"/></testcase><testcase name=" ›› " classname=""><error message="Design deviation ››  () component" type="CSS component"/><failure message="Design deviation ››  () component" type="CSS component"/></testcase><testcase name=" ›› " classname=""><error message="Design deviation ››  () component" type="CSS component"/><failure message="Design deviation ››  () component" type="CSS component"/></testcase><testcase name=" ›› " classname=""><error message="Design deviation ››  () component" type="CSS component"/><failure message="Design deviation ››  () component" type="CSS component"/></testcase><testcase name=" ›› " classname=""><error message="Design deviation ››  () component" type="CSS component"/><failure message="Design deviation ››  () component" type="CSS component"/></testcase><testcase name=" ›› " classname=""><error message="Design deviation ››  () component" type="CSS component"/><failure message="Design deviation ››  () component" type="CSS component"/></testcase><testcase name=" ›› " classname=""><error message="Design deviation ››  () component" type="CSS component"/><failure message="Design deviation ››  () component" type="CSS component"/></testcase><testcase name=" ›› Streamfield - All blocks" classname=".stream-field"><error message="Design deviation ›› Streamfield - All blocks (.stream-field) component" type="CSS component"/><failure message="Design deviation ›› Streamfield - All blocks (.stream-field) component" type="CSS component"/></testcase><testcase name=" ›› Streamfield - Move blocks" classname=".stream-field"><error message="Design deviation ›› Streamfield - Move blocks (.stream-field) component" type="CSS component"/><failure message="Design deviation ›› Streamfield - Move blocks (.stream-field) component" type="CSS component"/></testcase><testcase name=" ›› /base/people/" classname=".content-wrapper"><error message="Design deviation ›› /base/people/ (.content-wrapper) component" type="CSS component"/><failure message="Design deviation ›› /base/people/ (.content-wrapper) component" type="CSS component"/></testcase><testcase name=" ›› /base/people/edit/1/" classname=".content-wrapper"><error message="Design deviation ›› /base/people/edit/1/ (.content-wrapper) component" type="CSS component"/><failure message="Design deviation ›› /base/people/edit/1/ (.content-wrapper) component" type="CSS component"/></testcase><testcase name=" ›› /base/people/delete/1/" classname=".content-wrapper"><error message="Design deviation ›› /base/people/delete/1/ (.content-wrapper) component" type="CSS component"/><failure message="Design deviation ›› /base/people/delete/1/ (.content-wrapper) component" type="CSS component"/></testcase><testcase name=" ›› /base/people/create/" classname=".content-wrapper"><error message="Design deviation ›› /base/people/create/ (.content-wrapper) component" type="CSS component"/><failure message="Design deviation ›› /base/people/create/ (.content-wrapper) component" type="CSS component"/></testcase><testcase name=" ›› /images/" classname=".content-wrapper"><error message="Design deviation ›› /images/ (.content-wrapper) component" type="CSS component"/><failure message="Design deviation ›› /images/ (.content-wrapper) component" type="CSS component"/></testcase><testcase name=" ›› /images/?q=bread" classname=".content-wrapper"><error message="Design deviation ›› /images/?q=bread (.content-wrapper) component" type="CSS component"/><failure message="Design deviation ›› /images/?q=bread (.content-wrapper) component" type="CSS component"/></testcase><testcase name=" ›› /images/?collection_id=2" classname=".content-wrapper"><error message="Design deviation ›› /images/?collection_id=2 (.content-wrapper) component" type="CSS component"/><failure message="Design deviation ›› /images/?collection_id=2 (.content-wrapper) component" type="CSS component"/></testcase><testcase name=" ›› /images/47/" classname=".content-wrapper"><error message="Design deviation ›› /images/47/ (.content-wrapper) component" type="CSS component"/><failure message="Design deviation ›› /images/47/ (.content-wrapper) component" type="CSS component"/></testcase><testcase name=" ›› /images/47/delete/" classname=".content-wrapper"><error message="Design deviation ›› /images/47/delete/ (.content-wrapper) component" type="CSS component"/><failure message="Design deviation ›› /images/47/delete/ (.content-wrapper) component" type="CSS component"/></testcase><testcase name=" ›› /images/add/" classname=".content-wrapper"><error message="Design deviation ›› /images/add/ (.content-wrapper) component" type="CSS component"/><failure message="Design deviation ›› /images/add/ (.content-wrapper) component" type="CSS component"/></testcase><testcase name=" ›› /documents/" classname=".content-wrapper"><error message="Design deviation ›› /documents/ (.content-wrapper) component" type="CSS component"/><failure message="Design deviation ›› /documents/ (.content-wrapper) component" type="CSS component"/></testcase><testcase name=" ›› /documents/?collection_id=2" classname=".content-wrapper"><error message="Design deviation ›› /documents/?collection_id=2 (.content-wrapper) component" type="CSS component"/><failure message="Design deviation ›› /documents/?collection_id=2 (.content-wrapper) component" type="CSS component"/></testcase><testcase name=" ›› /documents/multiple/add/" classname=".content-wrapper"><error message="Design deviation ›› /documents/multiple/add/ (.content-wrapper) component" type="CSS component"/><failure message="Design deviation ›› /documents/multiple/add/ (.content-wrapper) component" type="CSS component"/></testcase><testcase name=" ›› /snippets/" classname=".content-wrapper"><error message="Design deviation ›› /snippets/ (.content-wrapper) component" type="CSS component"/><failure message="Design deviation ›› /snippets/ (.content-wrapper) component" type="CSS component"/></testcase><testcase name=" ›› /snippets/base/people/" classname=".content-wrapper"><error message="Design deviation ›› /snippets/base/people/ (.content-wrapper) component" type="CSS component"/><failure message="Design deviation ›› /snippets/base/people/ (.content-wrapper) component" type="CSS component"/></testcase><testcase name=" ›› /snippets/base/people/1/" classname=".content-wrapper"><error message="Design deviation ›› /snippets/base/people/1/ (.content-wrapper) component" type="CSS component"/><failure message="Design deviation ›› /snippets/base/people/1/ (.content-wrapper) component" type="CSS component"/></testcase><testcase name=" ›› /snippets/base/people/1/delete/" classname=".content-wrapper"><error message="Design deviation ›› /snippets/base/people/1/delete/ (.content-wrapper) component" type="CSS component"/><failure message="Design deviation ›› /snippets/base/people/1/delete/ (.content-wrapper) component" type="CSS component"/></testcase><testcase name=" ›› /snippets/base/people/add/" classname=".content-wrapper"><error message="Design deviation ›› /snippets/base/people/add/ (.content-wrapper) component" type="CSS component"/><failure message="Design deviation ›› /snippets/base/people/add/ (.content-wrapper) component" type="CSS component"/></testcase><testcase name=" ›› /forms/" classname=".content-wrapper"><error message="Design deviation ›› /forms/ (.content-wrapper) component" type="CSS component"/><failure message="Design deviation ›› /forms/ (.content-wrapper) component" type="CSS component"/></testcase><testcase name=" ›› /forms/submissions/69/" classname=".content-wrapper"><error message="Design deviation ›› /forms/submissions/69/ (.content-wrapper) component" type="CSS component"/><failure message="Design deviation ›› /forms/submissions/69/ (.content-wrapper) component" type="CSS component"/></testcase><testcase name=" ›› /forms/submissions/69/?date_from=2017-01-01&amp;date_to=2050-01-01&amp;action=filter [for=&quot;id_date_to&quot;], [da" classname=".content-wrapper"><error message="Design deviation ›› /forms/submissions/69/?date_from=2017-01-01&amp;date_to=2050-01-01&amp;action=filter [for=&quot;id_date_to&quot;], [da (.content-wrapper) component" type="CSS component"/><failure message="Design deviation ›› /forms/submissions/69/?date_from=2017-01-01&amp;date_to=2050-01-01&amp;action=filter [for=&quot;id_date_to&quot;], [da (.content-wrapper) component" type="CSS component"/></testcase><testcase name=" ›› " classname=""><error message="Design deviation ››  () component" type="CSS component"/><failure message="Design deviation ››  () component" type="CSS component"/></testcase><testcase name=" ›› /users/" classname=".content-wrapper"><error message="Design deviation ›› /users/ (.content-wrapper) component" type="CSS component"/><failure message="Design deviation ›› /users/ (.content-wrapper) component" type="CSS component"/></testcase><testcase name=" ›› " classname=""><error message="Design deviation ››  () component" type="CSS component"/><failure message="Design deviation ››  () component" type="CSS component"/></testcase><testcase name=" ›› " classname=""><error message="Design deviation ››  () component" type="CSS component"/><failure message="Design deviation ››  () component" type="CSS component"/></testcase><testcase name=" ›› /users/add/ [href*=&quot;roles&quot;], [for=&quot;id_groups_1&quot;]" classname=".content-wrapper"><error message="Design deviation ›› /users/add/ [href*=&quot;roles&quot;], [for=&quot;id_groups_1&quot;] (.content-wrapper) component" type="CSS component"/><failure message="Design deviation ›› /users/add/ [href*=&quot;roles&quot;], [for=&quot;id_groups_1&quot;] (.content-wrapper) component" type="CSS component"/></testcase><testcase name=" ›› /users/?q=admin" classname=".content-wrapper"><error message="Design deviation ›› /users/?q=admin (.content-wrapper) component" type="CSS component"/><failure message="Design deviation ›› /users/?q=admin (.content-wrapper) component" type="CSS component"/></testcase><testcase name=" ›› /groups/" classname=".content-wrapper"><error message="Design deviation ›› /groups/ (.content-wrapper) component" type="CSS component"/><failure message="Design deviation ›› /groups/ (.content-wrapper) component" type="CSS component"/></testcase><testcase name=" ›› /groups/?q=edi" classname=".content-wrapper"><error message="Design deviation ›› /groups/?q=edi (.content-wrapper) component" type="CSS component"/><failure message="Design deviation ›› /groups/?q=edi (.content-wrapper) component" type="CSS component"/></testcase><testcase name=" ›› /groups/1/" classname=".content-wrapper"><error message="Design deviation ›› /groups/1/ (.content-wrapper) component" type="CSS component"/><failure message="Design deviation ›› /groups/1/ (.content-wrapper) component" type="CSS component"/></testcase><testcase name=" ›› /groups/1/ #id_page_permissions-ADD, #id_document_permissions-ADD, #id_image_permissions-ADD" classname=".content-wrapper"><error message="Design deviation ›› /groups/1/ #id_page_permissions-ADD, #id_document_permissions-ADD, #id_image_permissions-ADD (.content-wrapper) component" type="CSS component"/><failure message="Design deviation ›› /groups/1/ #id_page_permissions-ADD, #id_document_permissions-ADD, #id_image_permissions-ADD (.content-wrapper) component" type="CSS component"/></testcase><testcase name=" ›› /groups/1/ #id_page_permissions-0-DELETE-button, #id_document_permissions-0-DELETE-button, #id_image" classname=".content-wrapper"><error message="Design deviation ›› /groups/1/ #id_page_permissions-0-DELETE-button, #id_document_permissions-0-DELETE-button, #id_image (.content-wrapper) component" type="CSS component"/><failure message="Design deviation ›› /groups/1/ #id_page_permissions-0-DELETE-button, #id_document_permissions-0-DELETE-button, #id_image (.content-wrapper) component" type="CSS component"/></testcase><testcase name=" ›› /groups/1/delete/" classname=".content-wrapper"><error message="Design deviation ›› /groups/1/delete/ (.content-wrapper) component" type="CSS component"/><failure message="Design deviation ›› /groups/1/delete/ (.content-wrapper) component" type="CSS component"/></testcase><testcase name=" ›› /groups/new/" classname=".content-wrapper"><error message="Design deviation ›› /groups/new/ (.content-wrapper) component" type="CSS component"/><failure message="Design deviation ›› /groups/new/ (.content-wrapper) component" type="CSS component"/></testcase><testcase name=" ›› /sites/" classname=".content-wrapper"><error message="Design deviation ›› /sites/ (.content-wrapper) component" type="CSS component"/><failure message="Design deviation ›› /sites/ (.content-wrapper) component" type="CSS component"/></testcase><testcase name=" ›› /sites/2/" classname=".content-wrapper"><error message="Design deviation ›› /sites/2/ (.content-wrapper) component" type="CSS component"/><failure message="Design deviation ›› /sites/2/ (.content-wrapper) component" type="CSS component"/></testcase><testcase name=" ›› /sites/2/delete/" classname=".content-wrapper"><error message="Design deviation ›› /sites/2/delete/ (.content-wrapper) component" type="CSS component"/><failure message="Design deviation ›› /sites/2/delete/ (.content-wrapper) component" type="CSS component"/></testcase><testcase name=" ›› /sites/new/" classname=".content-wrapper"><error message="Design deviation ›› /sites/new/ (.content-wrapper) component" type="CSS component"/><failure message="Design deviation ›› /sites/new/ (.content-wrapper) component" type="CSS component"/></testcase><testcase name=" ›› /collections/" classname=".content-wrapper"><error message="Design deviation ›› /collections/ (.content-wrapper) component" type="CSS component"/><failure message="Design deviation ›› /collections/ (.content-wrapper) component" type="CSS component"/></testcase><testcase name=" ›› /collections/2/" classname=".content-wrapper"><error message="Design deviation ›› /collections/2/ (.content-wrapper) component" type="CSS component"/><failure message="Design deviation ›› /collections/2/ (.content-wrapper) component" type="CSS component"/></testcase><testcase name=" ›› /collections/2/ .action-set-privacy" classname=".content-wrapper"><error message="Design deviation ›› /collections/2/ .action-set-privacy (.content-wrapper) component" type="CSS component"/><failure message="Design deviation ›› /collections/2/ .action-set-privacy (.content-wrapper) component" type="CSS component"/></testcase><testcase name=" ›› /collections/2/delete/" classname=".content-wrapper"><error message="Design deviation ›› /collections/2/delete/ (.content-wrapper) component" type="CSS component"/><failure message="Design deviation ›› /collections/2/delete/ (.content-wrapper) component" type="CSS component"/></testcase><testcase name=" ›› /collections/add/" classname=".content-wrapper"><error message="Design deviation ›› /collections/add/ (.content-wrapper) component" type="CSS component"/><failure message="Design deviation ›› /collections/add/ (.content-wrapper) component" type="CSS component"/></testcase><testcase name=" ›› /redirects/" classname=".content-wrapper"><error message="Design deviation ›› /redirects/ (.content-wrapper) component" type="CSS component"/><failure message="Design deviation ›› /redirects/ (.content-wrapper) component" type="CSS component"/></testcase><testcase name=" ›› /redirects/?q=test" classname=".content-wrapper"><error message="Design deviation ›› /redirects/?q=test (.content-wrapper) component" type="CSS component"/><failure message="Design deviation ›› /redirects/?q=test (.content-wrapper) component" type="CSS component"/></testcase><testcase name=" ›› /redirects/add/" classname=".content-wrapper"><error message="Design deviation ›› /redirects/add/ (.content-wrapper) component" type="CSS component"/><failure message="Design deviation ›› /redirects/add/ (.content-wrapper) component" type="CSS component"/></testcase><testcase name=" ›› " classname=""><error message="Design deviation ››  () component" type="CSS component"/><failure message="Design deviation ››  () component" type="CSS component"/></testcase><testcase name=" ›› /searchpicks/?q=test" classname=".content-wrapper"><error message="Design deviation ›› /searchpicks/?q=test (.content-wrapper) component" type="CSS component"/><failure message="Design deviation ›› /searchpicks/?q=test (.content-wrapper) component" type="CSS component"/></testcase><testcase name=" ›› /searchpicks/add/" classname=".content-wrapper"><error message="Design deviation ›› /searchpicks/add/ (.content-wrapper) component" type="CSS component"/><failure message="Design deviation ›› /searchpicks/add/ (.content-wrapper) component" type="CSS component"/></testcase><testcase name=" ›› " classname=""><error message="Design deviation ››  () component" type="CSS component"/><failure message="Design deviation ››  () component" type="CSS component"/></testcase><testcase name=" ›› /account/" classname=".content-wrapper"><error message="Design deviation ›› /account/ (.content-wrapper) component" type="CSS component"/><failure message="Design deviation ›› /account/ (.content-wrapper) component" type="CSS component"/></testcase><testcase name=" ›› /account/change_password/" classname=".content-wrapper"><error message="Design deviation ›› /account/change_password/ (.content-wrapper) component" type="CSS component"/><failure message="Design deviation ›› /account/change_password/ (.content-wrapper) component" type="CSS component"/></testcase><testcase name=" ›› " classname=""><error message="Design deviation ››  () component" type="CSS component"/><failure message="Design deviation ››  () component" type="CSS component"/></testcase><testcase name=" ›› /account/language_preferences/" classname=".content-wrapper"><error message="Design deviation ›› /account/language_preferences/ (.content-wrapper) component" type="CSS component"/><failure message="Design deviation ›› /account/language_preferences/ (.content-wrapper) component" type="CSS component"/></testcase><testcase name=" ›› /password_reset/" classname="document"><error message="Design deviation ›› /password_reset/ (document) component" type="CSS component"/><failure message="Design deviation ›› /password_reset/ (document) component" type="CSS component"/></testcase></testsuite></testsuites>